2024-12-12 14:33:16,608 - INFO: 다운로드 시작: https://www.kcmi.re.kr/common/downloaddataw?fid=872&fgu=002003007&fty=004006
2024-12-12 14:33:16,620 - INFO: 파일명: downloaddataw
2024-12-12 14:33:16,620 - INFO: 서버 연결 및 파일 정보 확인 중...
2024-12-12 14:33:16,651 - INFO: 파일 크기: 0.83 MB
2024-12-12 14:33:29,221 - INFO: 다운로드 중: 0.9% (0.01/0.83 MB)
2024-12-12 14:33:29,226 - INFO: 다운로드 중: 1.9% (0.02/0.83 MB)
2024-12-12 14:33:29,229 - INFO: 다운로드 중: 2.8% (0.02/0.83 MB)
2024-12-12 14:33:29,230 - INFO: 다운로드 중: 3.8% (0.03/0.83 MB)
2024-12-12 14:33:29,230 - INFO: 다운로드 중: 4.7% (0.04/0.83 MB)
2024-12-12 14:33:29,232 - INFO: 다운로드 중: 5.6% (0.05/0.83 MB)
2024-12-12 14:33:29,233 - INFO: 다운로드 중: 6.6% (0.05/0.83 MB)
2024-12-12 14:33:29,233 - INFO: 다운로드 중: 7.5% (0.06/0.83 MB)
2024-12-12 14:33:29,234 - INFO: 다운로드 중: 8.5% (0.07/0.83 MB)
2024-12-12 14:33:29,236 - INFO: 다운로드 중: 9.4% (0.08/0.83 MB)
2024-12-12 14:33:29,237 - INFO: 다운로드 중: 10.4% (0.09/0.83 MB)
2024-12-12 14:33:29,240 - INFO: 다운로드 중: 11.3% (0.09/0.83 MB)
2024-12-12 14:33:29,242 - INFO: 다운로드 중: 12.2% (0.10/0.83 MB)
2024-12-12 14:33:29,243 - INFO: 다운로드 중: 13.2% (0.11/0.83 MB)
2024-12-12 14:33:29,244 - INFO: 다운로드 중: 14.1% (0.12/0.83 MB)
2024-12-12 14:33:29,245 - INFO: 다운로드 중: 15.1% (0.12/0.83 MB)
2024-12-12 14:33:29,246 - INFO: 다운로드 중: 16.0% (0.13/0.83 MB)
2024-12-12 14:33:29,247 - INFO: 다운로드 중: 16.9% (0.14/0.83 MB)
2024-12-12 14:33:29,248 - INFO: 다운로드 중: 17.9% (0.15/0.83 MB)
2024-12-12 14:33:29,248 - INFO: 다운로드 중: 18.8% (0.16/0.83 MB)
2024-12-12 14:33:29,249 - INFO: 다운로드 중: 19.8% (0.16/0.83 MB)
2024-12-12 14:33:29,250 - INFO: 다운로드 중: 20.7% (0.17/0.83 MB)
2024-12-12 14:33:29,250 - INFO: 다운로드 중: 21.7% (0.18/0.83 MB)
2024-12-12 14:33:29,251 - INFO: 다운로드 중: 22.6% (0.19/0.83 MB)
2024-12-12 14:33:29,253 - INFO: 다운로드 중: 23.5% (0.20/0.83 MB)
2024-12-12 14:33:29,253 - INFO: 다운로드 중: 24.5% (0.20/0.83 MB)
2024-12-12 14:33:29,254 - INFO: 다운로드 중: 25.4% (0.21/0.83 MB)
2024-12-12 14:33:29,255 - INFO: 다운로드 중: 26.4% (0.22/0.83 MB)
2024-12-12 14:33:29,256 - INFO: 다운로드 중: 27.3% (0.23/0.83 MB)
2024-12-12 14:33:29,256 - INFO: 다운로드 중: 28.2% (0.23/0.83 MB)
2024-12-12 14:33:29,257 - INFO: 다운로드 중: 29.2% (0.24/0.83 MB)
2024-12-12 14:33:29,259 - INFO: 다운로드 중: 30.1% (0.25/0.83 MB)
2024-12-12 14:33:29,260 - INFO: 다운로드 중: 31.1% (0.26/0.83 MB)
2024-12-12 14:33:29,261 - INFO: 다운로드 중: 32.0% (0.27/0.83 MB)
2024-12-12 14:33:29,262 - INFO: 다운로드 중: 33.0% (0.27/0.83 MB)
2024-12-12 14:33:29,263 - INFO: 다운로드 중: 33.9% (0.28/0.83 MB)
2024-12-12 14:33:29,265 - INFO: 다운로드 중: 34.8% (0.29/0.83 MB)
2024-12-12 14:33:29,266 - INFO: 다운로드 중: 35.8% (0.30/0.83 MB)
2024-12-12 14:33:29,267 - INFO: 다운로드 중: 36.7% (0.30/0.83 MB)
2024-12-12 14:33:29,268 - INFO: 다운로드 중: 37.7% (0.31/0.83 MB)
2024-12-12 14:33:29,268 - INFO: 다운로드 중: 38.6% (0.32/0.83 MB)
2024-12-12 14:33:29,269 - INFO: 다운로드 중: 39.5% (0.33/0.83 MB)
2024-12-12 14:33:29,270 - INFO: 다운로드 중: 40.5% (0.34/0.83 MB)
2024-12-12 14:33:29,271 - INFO: 다운로드 중: 41.4% (0.34/0.83 MB)
2024-12-12 14:33:29,272 - INFO: 다운로드 중: 42.4% (0.35/0.83 MB)
2024-12-12 14:33:29,272 - INFO: 다운로드 중: 43.3% (0.36/0.83 MB)
2024-12-12 14:33:29,273 - INFO: 다운로드 중: 44.3% (0.37/0.83 MB)
2024-12-12 14:33:29,274 - INFO: 다운로드 중: 45.2% (0.38/0.83 MB)
2024-12-12 14:33:29,275 - INFO: 다운로드 중: 46.1% (0.38/0.83 MB)
2024-12-12 14:33:29,276 - INFO: 다운로드 중: 47.1% (0.39/0.83 MB)
2024-12-12 14:33:29,277 - INFO: 다운로드 중: 48.0% (0.40/0.83 MB)
2024-12-12 14:33:29,277 - INFO: 다운로드 중: 49.0% (0.41/0.83 MB)
2024-12-12 14:33:29,279 - INFO: 다운로드 중: 49.9% (0.41/0.83 MB)
2024-12-12 14:33:29,284 - INFO: 다운로드 중: 50.8% (0.42/0.83 MB)
2024-12-12 14:33:29,286 - INFO: 다운로드 중: 51.8% (0.43/0.83 MB)
2024-12-12 14:33:29,286 - INFO: 다운로드 중: 52.7% (0.44/0.83 MB)
2024-12-12 14:33:29,287 - INFO: 다운로드 중: 53.7% (0.45/0.83 MB)
2024-12-12 14:33:29,291 - INFO: 다운로드 중: 54.6% (0.45/0.83 MB)
2024-12-12 14:33:29,292 - INFO: 다운로드 중: 55.6% (0.46/0.83 MB)
2024-12-12 14:33:29,294 - INFO: 다운로드 중: 56.5% (0.47/0.83 MB)
2024-12-12 14:33:29,295 - INFO: 다운로드 중: 57.4% (0.48/0.83 MB)
2024-12-12 14:33:29,296 - INFO: 다운로드 중: 58.4% (0.48/0.83 MB)
2024-12-12 14:33:29,297 - INFO: 다운로드 중: 59.3% (0.49/0.83 MB)
2024-12-12 14:33:29,298 - INFO: 다운로드 중: 60.3% (0.50/0.83 MB)
2024-12-12 14:33:29,299 - INFO: 다운로드 중: 61.2% (0.51/0.83 MB)
2024-12-12 14:33:29,301 - INFO: 다운로드 중: 62.1% (0.52/0.83 MB)
2024-12-12 14:33:29,302 - INFO: 다운로드 중: 63.1% (0.52/0.83 MB)
2024-12-12 14:33:29,310 - INFO: 다운로드 중: 64.0% (0.53/0.83 MB)
2024-12-12 14:33:29,310 - INFO: 다운로드 중: 65.0% (0.54/0.83 MB)
2024-12-12 14:33:29,330 - INFO: 다운로드 중: 65.9% (0.55/0.83 MB)
2024-12-12 14:33:29,331 - INFO: 다운로드 중: 66.9% (0.55/0.83 MB)
2024-12-12 14:33:29,331 - INFO: 다운로드 중: 67.8% (0.56/0.83 MB)
2024-12-12 14:33:29,332 - INFO: 다운로드 중: 68.7% (0.57/0.83 MB)
2024-12-12 14:33:29,336 - INFO: 다운로드 중: 69.7% (0.58/0.83 MB)
2024-12-12 14:33:29,338 - INFO: 다운로드 중: 70.6% (0.59/0.83 MB)
2024-12-12 14:33:29,340 - INFO: 다운로드 중: 71.6% (0.59/0.83 MB)
2024-12-12 14:33:29,340 - INFO: 다운로드 중: 72.5% (0.60/0.83 MB)
2024-12-12 14:33:29,344 - INFO: 다운로드 중: 73.4% (0.61/0.83 MB)
2024-12-12 14:33:29,346 - INFO: 다운로드 중: 74.4% (0.62/0.83 MB)
2024-12-12 14:33:29,349 - INFO: 다운로드 중: 75.3% (0.62/0.83 MB)
2024-12-12 14:33:29,349 - INFO: 다운로드 중: 76.3% (0.63/0.83 MB)
2024-12-12 14:33:29,361 - INFO: 다운로드 중: 77.2% (0.64/0.83 MB)
2024-12-12 14:33:29,362 - INFO: 다운로드 중: 78.2% (0.65/0.83 MB)
2024-12-12 14:33:29,385 - INFO: 다운로드 중: 79.1% (0.66/0.83 MB)
2024-12-12 14:33:29,386 - INFO: 다운로드 중: 80.0% (0.66/0.83 MB)
2024-12-12 14:33:29,405 - INFO: 다운로드 중: 81.0% (0.67/0.83 MB)
2024-12-12 14:33:29,406 - INFO: 다운로드 중: 81.9% (0.68/0.83 MB)
2024-12-12 14:33:29,408 - INFO: 다운로드 중: 82.9% (0.69/0.83 MB)
2024-12-12 14:33:29,409 - INFO: 다운로드 중: 83.8% (0.70/0.83 MB)
2024-12-12 14:33:29,434 - INFO: 다운로드 중: 84.7% (0.70/0.83 MB)
2024-12-12 14:33:29,434 - INFO: 다운로드 중: 85.7% (0.71/0.83 MB)
2024-12-12 14:33:29,465 - INFO: 다운로드 중: 86.6% (0.72/0.83 MB)
2024-12-12 14:33:29,466 - INFO: 다운로드 중: 87.6% (0.73/0.83 MB)
2024-12-12 14:33:29,476 - INFO: 다운로드 중: 88.5% (0.73/0.83 MB)
2024-12-12 14:33:29,480 - INFO: 다운로드 중: 89.5% (0.74/0.83 MB)
2024-12-12 14:33:29,504 - INFO: 다운로드 중: 90.4% (0.75/0.83 MB)
2024-12-12 14:33:29,506 - INFO: 다운로드 중: 91.3% (0.76/0.83 MB)
2024-12-12 14:33:29,522 - INFO: 다운로드 중: 92.3% (0.77/0.83 MB)
2024-12-12 14:33:29,524 - INFO: 다운로드 중: 93.2% (0.77/0.83 MB)
2024-12-12 14:33:29,532 - INFO: 다운로드 중: 94.2% (0.78/0.83 MB)
2024-12-12 14:33:29,534 - INFO: 다운로드 중: 95.1% (0.79/0.83 MB)
2024-12-12 14:33:29,541 - INFO: 다운로드 중: 96.0% (0.80/0.83 MB)
2024-12-12 14:33:29,542 - INFO: 다운로드 중: 97.0% (0.80/0.83 MB)
2024-12-12 14:33:29,549 - INFO: 다운로드 중: 97.9% (0.81/0.83 MB)
2024-12-12 14:33:29,550 - INFO: 다운로드 중: 98.9% (0.82/0.83 MB)
2024-12-12 14:33:29,550 - INFO: 다운로드 중: 99.8% (0.83/0.83 MB)
2024-12-12 14:33:29,551 - INFO: 다운로드 중: 100.0% (0.83/0.83 MB)
2024-12-12 14:33:29,552 - INFO: 다운로드 완료: C:/Users/user/Downloads/downloaddataw
2024-12-12 14:34:43,033 - INFO: 서버 연결 및 파일 정보 확인 중...
2024-12-12 14:34:43,058 - INFO: 다운로드 시작: https://www.kcmi.re.kr/common/downloaddataw?fid=872&fgu=002003007&fty=004006
2024-12-12 14:34:43,060 - INFO: 파일명: downloaded_file_20241212_143443.pdf
2024-12-12 14:34:49,517 - INFO: 다운로드 중: 0.9% (0.01/0.83 MB)
2024-12-12 14:34:49,520 - INFO: 다운로드 중: 1.9% (0.02/0.83 MB)
2024-12-12 14:34:49,521 - INFO: 다운로드 중: 2.8% (0.02/0.83 MB)
2024-12-12 14:34:49,523 - INFO: 다운로드 중: 3.8% (0.03/0.83 MB)
2024-12-12 14:34:49,524 - INFO: 다운로드 중: 4.7% (0.04/0.83 MB)
2024-12-12 14:34:49,525 - INFO: 다운로드 중: 5.6% (0.05/0.83 MB)
2024-12-12 14:34:49,526 - INFO: 다운로드 중: 6.6% (0.05/0.83 MB)
2024-12-12 14:34:49,528 - INFO: 다운로드 중: 7.5% (0.06/0.83 MB)
2024-12-12 14:34:49,531 - INFO: 다운로드 중: 8.5% (0.07/0.83 MB)
2024-12-12 14:34:49,532 - INFO: 다운로드 중: 9.4% (0.08/0.83 MB)
2024-12-12 14:34:49,533 - INFO: 다운로드 중: 10.4% (0.09/0.83 MB)
2024-12-12 14:34:49,535 - INFO: 다운로드 중: 11.3% (0.09/0.83 MB)
2024-12-12 14:34:49,536 - INFO: 다운로드 중: 12.2% (0.10/0.83 MB)
2024-12-12 14:34:49,538 - INFO: 다운로드 중: 13.2% (0.11/0.83 MB)
2024-12-12 14:34:49,540 - INFO: 다운로드 중: 14.1% (0.12/0.83 MB)
2024-12-12 14:34:49,540 - INFO: 다운로드 중: 15.1% (0.12/0.83 MB)
2024-12-12 14:34:49,541 - INFO: 다운로드 중: 16.0% (0.13/0.83 MB)
2024-12-12 14:34:49,542 - INFO: 다운로드 중: 16.9% (0.14/0.83 MB)
2024-12-12 14:34:49,543 - INFO: 다운로드 중: 17.9% (0.15/0.83 MB)
2024-12-12 14:34:49,544 - INFO: 다운로드 중: 18.8% (0.16/0.83 MB)
2024-12-12 14:34:49,544 - INFO: 다운로드 중: 19.8% (0.16/0.83 MB)
2024-12-12 14:34:49,545 - INFO: 다운로드 중: 20.7% (0.17/0.83 MB)
2024-12-12 14:34:49,546 - INFO: 다운로드 중: 21.7% (0.18/0.83 MB)
2024-12-12 14:34:49,548 - INFO: 다운로드 중: 22.6% (0.19/0.83 MB)
2024-12-12 14:34:49,549 - INFO: 다운로드 중: 23.5% (0.20/0.83 MB)
2024-12-12 14:34:49,550 - INFO: 다운로드 중: 24.5% (0.20/0.83 MB)
2024-12-12 14:34:49,551 - INFO: 다운로드 중: 25.4% (0.21/0.83 MB)
2024-12-12 14:34:49,551 - INFO: 다운로드 중: 26.4% (0.22/0.83 MB)
2024-12-12 14:34:49,552 - INFO: 다운로드 중: 27.3% (0.23/0.83 MB)
2024-12-12 14:34:49,553 - INFO: 다운로드 중: 28.2% (0.23/0.83 MB)
2024-12-12 14:34:49,553 - INFO: 다운로드 중: 29.2% (0.24/0.83 MB)
2024-12-12 14:34:49,556 - INFO: 다운로드 중: 30.1% (0.25/0.83 MB)
2024-12-12 14:34:49,557 - INFO: 다운로드 중: 31.1% (0.26/0.83 MB)
2024-12-12 14:34:49,558 - INFO: 다운로드 중: 32.0% (0.27/0.83 MB)
2024-12-12 14:34:49,559 - INFO: 다운로드 중: 33.0% (0.27/0.83 MB)
2024-12-12 14:34:49,560 - INFO: 다운로드 중: 33.9% (0.28/0.83 MB)
2024-12-12 14:34:49,560 - INFO: 다운로드 중: 34.8% (0.29/0.83 MB)
2024-12-12 14:34:49,561 - INFO: 다운로드 중: 35.8% (0.30/0.83 MB)
2024-12-12 14:34:49,565 - INFO: 다운로드 중: 36.7% (0.30/0.83 MB)
2024-12-12 14:34:49,566 - INFO: 다운로드 중: 37.7% (0.31/0.83 MB)
2024-12-12 14:34:49,566 - INFO: 다운로드 중: 38.6% (0.32/0.83 MB)
2024-12-12 14:34:49,568 - INFO: 다운로드 중: 39.5% (0.33/0.83 MB)
2024-12-12 14:34:49,569 - INFO: 다운로드 중: 40.5% (0.34/0.83 MB)
2024-12-12 14:34:49,570 - INFO: 다운로드 중: 41.4% (0.34/0.83 MB)
2024-12-12 14:34:49,571 - INFO: 다운로드 중: 42.4% (0.35/0.83 MB)
2024-12-12 14:34:49,571 - INFO: 다운로드 중: 43.3% (0.36/0.83 MB)
2024-12-12 14:34:49,572 - INFO: 다운로드 중: 44.3% (0.37/0.83 MB)
2024-12-12 14:34:49,573 - INFO: 다운로드 중: 45.2% (0.38/0.83 MB)
2024-12-12 14:34:49,574 - INFO: 다운로드 중: 46.1% (0.38/0.83 MB)
2024-12-12 14:34:49,575 - INFO: 다운로드 중: 47.1% (0.39/0.83 MB)
2024-12-12 14:34:49,576 - INFO: 다운로드 중: 48.0% (0.40/0.83 MB)
2024-12-12 14:34:49,576 - INFO: 다운로드 중: 49.0% (0.41/0.83 MB)
2024-12-12 14:34:49,578 - INFO: 다운로드 중: 49.9% (0.41/0.83 MB)
2024-12-12 14:34:49,581 - INFO: 다운로드 중: 50.8% (0.42/0.83 MB)
2024-12-12 14:34:49,583 - INFO: 다운로드 중: 51.8% (0.43/0.83 MB)
2024-12-12 14:34:49,583 - INFO: 다운로드 중: 52.7% (0.44/0.83 MB)
2024-12-12 14:34:49,584 - INFO: 다운로드 중: 53.7% (0.45/0.83 MB)
2024-12-12 14:34:49,585 - INFO: 다운로드 중: 54.6% (0.45/0.83 MB)
2024-12-12 14:34:49,586 - INFO: 다운로드 중: 55.6% (0.46/0.83 MB)
2024-12-12 14:34:49,586 - INFO: 다운로드 중: 56.5% (0.47/0.83 MB)
2024-12-12 14:34:49,587 - INFO: 다운로드 중: 57.4% (0.48/0.83 MB)
2024-12-12 14:34:49,588 - INFO: 다운로드 중: 58.4% (0.48/0.83 MB)
2024-12-12 14:34:49,589 - INFO: 다운로드 중: 59.3% (0.49/0.83 MB)
2024-12-12 14:34:49,590 - INFO: 다운로드 중: 60.3% (0.50/0.83 MB)
2024-12-12 14:34:49,591 - INFO: 다운로드 중: 61.2% (0.51/0.83 MB)
2024-12-12 14:34:49,591 - INFO: 다운로드 중: 62.1% (0.52/0.83 MB)
2024-12-12 14:34:49,593 - INFO: 다운로드 중: 63.1% (0.52/0.83 MB)
2024-12-12 14:34:49,594 - INFO: 다운로드 중: 64.0% (0.53/0.83 MB)
2024-12-12 14:34:49,595 - INFO: 다운로드 중: 65.0% (0.54/0.83 MB)
2024-12-12 14:34:49,596 - INFO: 다운로드 중: 65.9% (0.55/0.83 MB)
2024-12-12 14:34:49,598 - INFO: 다운로드 중: 66.9% (0.55/0.83 MB)
2024-12-12 14:34:49,599 - INFO: 다운로드 중: 67.8% (0.56/0.83 MB)
2024-12-12 14:34:49,599 - INFO: 다운로드 중: 68.7% (0.57/0.83 MB)
2024-12-12 14:34:49,600 - INFO: 다운로드 중: 69.7% (0.58/0.83 MB)
2024-12-12 14:34:49,604 - INFO: 다운로드 중: 70.6% (0.59/0.83 MB)
2024-12-12 14:34:49,604 - INFO: 다운로드 중: 71.6% (0.59/0.83 MB)
2024-12-12 14:34:49,605 - INFO: 다운로드 중: 72.5% (0.60/0.83 MB)
2024-12-12 14:34:49,606 - INFO: 다운로드 중: 73.4% (0.61/0.83 MB)
2024-12-12 14:34:49,608 - INFO: 다운로드 중: 74.4% (0.62/0.83 MB)
2024-12-12 14:34:49,609 - INFO: 다운로드 중: 75.3% (0.62/0.83 MB)
2024-12-12 14:34:49,610 - INFO: 다운로드 중: 76.3% (0.63/0.83 MB)
2024-12-12 14:34:49,612 - INFO: 다운로드 중: 77.2% (0.64/0.83 MB)
2024-12-12 14:34:49,613 - INFO: 다운로드 중: 78.2% (0.65/0.83 MB)
2024-12-12 14:34:49,614 - INFO: 다운로드 중: 79.1% (0.66/0.83 MB)
2024-12-12 14:34:49,614 - INFO: 다운로드 중: 80.0% (0.66/0.83 MB)
2024-12-12 14:34:49,615 - INFO: 다운로드 중: 81.0% (0.67/0.83 MB)
2024-12-12 14:34:49,616 - INFO: 다운로드 중: 81.9% (0.68/0.83 MB)
2024-12-12 14:34:49,617 - INFO: 다운로드 중: 82.9% (0.69/0.83 MB)
2024-12-12 14:34:49,618 - INFO: 다운로드 중: 83.8% (0.70/0.83 MB)
2024-12-12 14:34:49,618 - INFO: 다운로드 중: 84.7% (0.70/0.83 MB)
2024-12-12 14:34:49,619 - INFO: 다운로드 중: 85.7% (0.71/0.83 MB)
2024-12-12 14:34:49,620 - INFO: 다운로드 중: 86.6% (0.72/0.83 MB)
2024-12-12 14:34:49,621 - INFO: 다운로드 중: 87.6% (0.73/0.83 MB)
2024-12-12 14:34:49,622 - INFO: 다운로드 중: 88.5% (0.73/0.83 MB)
2024-12-12 14:34:49,622 - INFO: 다운로드 중: 89.5% (0.74/0.83 MB)
2024-12-12 14:34:49,622 - INFO: 다운로드 중: 90.4% (0.75/0.83 MB)
2024-12-12 14:34:49,623 - INFO: 다운로드 중: 91.3% (0.76/0.83 MB)
2024-12-12 14:34:49,624 - INFO: 다운로드 중: 92.3% (0.77/0.83 MB)
2024-12-12 14:34:49,627 - INFO: 다운로드 중: 93.2% (0.77/0.83 MB)
2024-12-12 14:34:49,629 - INFO: 다운로드 중: 94.2% (0.78/0.83 MB)
2024-12-12 14:34:49,632 - INFO: 다운로드 중: 95.1% (0.79/0.83 MB)
2024-12-12 14:34:49,633 - INFO: 다운로드 중: 96.0% (0.80/0.83 MB)
2024-12-12 14:34:49,634 - INFO: 다운로드 중: 97.0% (0.80/0.83 MB)
2024-12-12 14:34:49,635 - INFO: 다운로드 중: 97.9% (0.81/0.83 MB)
2024-12-12 14:34:49,636 - INFO: 다운로드 중: 98.9% (0.82/0.83 MB)
2024-12-12 14:34:49,637 - INFO: 다운로드 중: 99.8% (0.83/0.83 MB)
2024-12-12 14:34:49,638 - INFO: 다운로드 중: 99.9% (0.83/0.83 MB)
2024-12-12 14:34:49,639 - INFO: 다운로드 완료: C:/Users/user/Downloads/downloaded_file_20241212_143443.pdf
2024-12-12 14:37:51,041 - INFO: 서버 연결 및 파일 정보 확인 중...
2024-12-12 14:37:51,064 - INFO: 다운로드 시작: https://www.kcmi.re.kr/common/downloaddataw?fid=872&fgu=002003007&fty=004006
2024-12-12 14:37:51,064 - INFO: 파일명: downloaded_file_20241212_143751.pdf
2024-12-12 14:37:54,422 - INFO: 다운로드 중: 0.9% (0.01/0.83 MB)
2024-12-12 14:37:54,430 - INFO: 다운로드 중: 1.9% (0.02/0.83 MB)
2024-12-12 14:37:54,430 - INFO: 다운로드 중: 2.8% (0.02/0.83 MB)
2024-12-12 14:37:54,432 - INFO: 다운로드 중: 3.8% (0.03/0.83 MB)
2024-12-12 14:37:54,433 - INFO: 다운로드 중: 4.7% (0.04/0.83 MB)
2024-12-12 14:37:54,433 - INFO: 다운로드 중: 5.6% (0.05/0.83 MB)
2024-12-12 14:37:54,435 - INFO: 다운로드 중: 6.6% (0.05/0.83 MB)
2024-12-12 14:37:54,435 - INFO: 다운로드 중: 7.5% (0.06/0.83 MB)
2024-12-12 14:37:54,436 - INFO: 다운로드 중: 8.5% (0.07/0.83 MB)
2024-12-12 14:37:54,437 - INFO: 다운로드 중: 9.4% (0.08/0.83 MB)
2024-12-12 14:37:54,438 - INFO: 다운로드 중: 10.4% (0.09/0.83 MB)
2024-12-12 14:37:54,439 - INFO: 다운로드 중: 11.3% (0.09/0.83 MB)
2024-12-12 14:37:54,440 - INFO: 다운로드 중: 12.2% (0.10/0.83 MB)
2024-12-12 14:37:54,446 - INFO: 다운로드 중: 13.2% (0.11/0.83 MB)
2024-12-12 14:37:54,447 - INFO: 다운로드 중: 14.1% (0.12/0.83 MB)
2024-12-12 14:37:54,448 - INFO: 다운로드 중: 15.1% (0.12/0.83 MB)
2024-12-12 14:37:54,449 - INFO: 다운로드 중: 16.0% (0.13/0.83 MB)
2024-12-12 14:37:54,449 - INFO: 다운로드 중: 16.9% (0.14/0.83 MB)
2024-12-12 14:37:54,450 - INFO: 다운로드 중: 17.9% (0.15/0.83 MB)
2024-12-12 14:37:54,450 - INFO: 다운로드 중: 18.8% (0.16/0.83 MB)
2024-12-12 14:37:54,451 - INFO: 다운로드 중: 19.8% (0.16/0.83 MB)
2024-12-12 14:37:54,452 - INFO: 다운로드 중: 20.7% (0.17/0.83 MB)
2024-12-12 14:37:54,453 - INFO: 다운로드 중: 21.7% (0.18/0.83 MB)
2024-12-12 14:37:54,454 - INFO: 다운로드 중: 22.6% (0.19/0.83 MB)
2024-12-12 14:37:54,454 - INFO: 다운로드 중: 23.5% (0.20/0.83 MB)
2024-12-12 14:37:54,455 - INFO: 다운로드 중: 24.5% (0.20/0.83 MB)
2024-12-12 14:37:54,456 - INFO: 다운로드 중: 25.4% (0.21/0.83 MB)
2024-12-12 14:37:54,457 - INFO: 다운로드 중: 26.4% (0.22/0.83 MB)
2024-12-12 14:37:54,457 - INFO: 다운로드 중: 27.3% (0.23/0.83 MB)
2024-12-12 14:37:54,459 - INFO: 다운로드 중: 28.2% (0.23/0.83 MB)
2024-12-12 14:37:54,460 - INFO: 다운로드 중: 29.2% (0.24/0.83 MB)
2024-12-12 14:37:54,460 - INFO: 다운로드 중: 30.1% (0.25/0.83 MB)
2024-12-12 14:37:54,462 - INFO: 다운로드 중: 31.1% (0.26/0.83 MB)
2024-12-12 14:37:54,463 - INFO: 다운로드 중: 32.0% (0.27/0.83 MB)
2024-12-12 14:37:54,464 - INFO: 다운로드 중: 33.0% (0.27/0.83 MB)
2024-12-12 14:37:54,465 - INFO: 다운로드 중: 33.9% (0.28/0.83 MB)
2024-12-12 14:37:54,466 - INFO: 다운로드 중: 34.8% (0.29/0.83 MB)
2024-12-12 14:37:54,467 - INFO: 다운로드 중: 35.8% (0.30/0.83 MB)
2024-12-12 14:37:54,467 - INFO: 다운로드 중: 36.7% (0.30/0.83 MB)
2024-12-12 14:37:54,469 - INFO: 다운로드 중: 37.7% (0.31/0.83 MB)
2024-12-12 14:37:54,470 - INFO: 다운로드 중: 38.6% (0.32/0.83 MB)
2024-12-12 14:37:54,471 - INFO: 다운로드 중: 39.5% (0.33/0.83 MB)
2024-12-12 14:37:54,472 - INFO: 다운로드 중: 40.5% (0.34/0.83 MB)
2024-12-12 14:37:54,473 - INFO: 다운로드 중: 41.4% (0.34/0.83 MB)
2024-12-12 14:37:54,474 - INFO: 다운로드 중: 42.4% (0.35/0.83 MB)
2024-12-12 14:37:54,475 - INFO: 다운로드 중: 43.3% (0.36/0.83 MB)
2024-12-12 14:37:54,475 - INFO: 다운로드 중: 44.3% (0.37/0.83 MB)
2024-12-12 14:37:54,476 - INFO: 다운로드 중: 45.2% (0.38/0.83 MB)
2024-12-12 14:37:54,477 - INFO: 다운로드 중: 46.1% (0.38/0.83 MB)
2024-12-12 14:37:54,478 - INFO: 다운로드 중: 47.1% (0.39/0.83 MB)
2024-12-12 14:37:54,479 - INFO: 다운로드 중: 48.0% (0.40/0.83 MB)
2024-12-12 14:37:54,480 - INFO: 다운로드 중: 49.0% (0.41/0.83 MB)
2024-12-12 14:37:54,481 - INFO: 다운로드 중: 49.9% (0.41/0.83 MB)
2024-12-12 14:37:54,482 - INFO: 다운로드 중: 50.8% (0.42/0.83 MB)
2024-12-12 14:37:54,483 - INFO: 다운로드 중: 51.8% (0.43/0.83 MB)
2024-12-12 14:37:54,484 - INFO: 다운로드 중: 52.7% (0.44/0.83 MB)
2024-12-12 14:37:54,487 - INFO: 다운로드 중: 53.7% (0.45/0.83 MB)
2024-12-12 14:37:54,488 - INFO: 다운로드 중: 54.6% (0.45/0.83 MB)
2024-12-12 14:37:54,489 - INFO: 다운로드 중: 55.6% (0.46/0.83 MB)
2024-12-12 14:37:54,491 - INFO: 다운로드 중: 56.5% (0.47/0.83 MB)
2024-12-12 14:37:54,492 - INFO: 다운로드 중: 57.4% (0.48/0.83 MB)
2024-12-12 14:37:54,493 - INFO: 다운로드 중: 58.4% (0.48/0.83 MB)
2024-12-12 14:37:54,494 - INFO: 다운로드 중: 59.3% (0.49/0.83 MB)
2024-12-12 14:37:54,495 - INFO: 다운로드 중: 60.3% (0.50/0.83 MB)
2024-12-12 14:37:54,496 - INFO: 다운로드 중: 61.2% (0.51/0.83 MB)
2024-12-12 14:37:54,498 - INFO: 다운로드 중: 62.1% (0.52/0.83 MB)
2024-12-12 14:37:54,499 - INFO: 다운로드 중: 63.1% (0.52/0.83 MB)
2024-12-12 14:37:54,499 - INFO: 다운로드 중: 64.0% (0.53/0.83 MB)
2024-12-12 14:37:54,500 - INFO: 다운로드 중: 65.0% (0.54/0.83 MB)
2024-12-12 14:37:54,501 - INFO: 다운로드 중: 65.9% (0.55/0.83 MB)
2024-12-12 14:37:54,502 - INFO: 다운로드 중: 66.9% (0.55/0.83 MB)
2024-12-12 14:37:54,503 - INFO: 다운로드 중: 67.8% (0.56/0.83 MB)
2024-12-12 14:37:54,503 - INFO: 다운로드 중: 68.7% (0.57/0.83 MB)
2024-12-12 14:37:54,503 - INFO: 다운로드 중: 69.7% (0.58/0.83 MB)
2024-12-12 14:37:54,504 - INFO: 다운로드 중: 70.6% (0.59/0.83 MB)
2024-12-12 14:37:54,505 - INFO: 다운로드 중: 71.6% (0.59/0.83 MB)
2024-12-12 14:37:54,506 - INFO: 다운로드 중: 72.5% (0.60/0.83 MB)
2024-12-12 14:37:54,507 - INFO: 다운로드 중: 73.4% (0.61/0.83 MB)
2024-12-12 14:37:54,508 - INFO: 다운로드 중: 74.4% (0.62/0.83 MB)
2024-12-12 14:37:54,509 - INFO: 다운로드 중: 75.3% (0.62/0.83 MB)
2024-12-12 14:37:54,510 - INFO: 다운로드 중: 76.3% (0.63/0.83 MB)
2024-12-12 14:37:54,511 - INFO: 다운로드 중: 77.2% (0.64/0.83 MB)
2024-12-12 14:37:54,513 - INFO: 다운로드 중: 78.2% (0.65/0.83 MB)
2024-12-12 14:37:54,513 - INFO: 다운로드 중: 79.1% (0.66/0.83 MB)
2024-12-12 14:37:54,514 - INFO: 다운로드 중: 80.0% (0.66/0.83 MB)
2024-12-12 14:37:54,514 - INFO: 다운로드 중: 81.0% (0.67/0.83 MB)
2024-12-12 14:37:54,516 - INFO: 다운로드 중: 81.9% (0.68/0.83 MB)
2024-12-12 14:37:54,517 - INFO: 다운로드 중: 82.9% (0.69/0.83 MB)
2024-12-12 14:37:54,518 - INFO: 다운로드 중: 83.8% (0.70/0.83 MB)
2024-12-12 14:37:54,519 - INFO: 다운로드 중: 84.7% (0.70/0.83 MB)
2024-12-12 14:37:54,519 - INFO: 다운로드 중: 85.7% (0.71/0.83 MB)
2024-12-12 14:37:54,520 - INFO: 다운로드 중: 86.6% (0.72/0.83 MB)
2024-12-12 14:37:54,521 - INFO: 다운로드 중: 87.6% (0.73/0.83 MB)
2024-12-12 14:37:54,522 - INFO: 다운로드 중: 88.5% (0.73/0.83 MB)
2024-12-12 14:37:54,523 - INFO: 다운로드 중: 89.5% (0.74/0.83 MB)
2024-12-12 14:37:54,524 - INFO: 다운로드 중: 90.4% (0.75/0.83 MB)
2024-12-12 14:37:54,524 - INFO: 다운로드 중: 91.3% (0.76/0.83 MB)
2024-12-12 14:37:54,525 - INFO: 다운로드 중: 92.3% (0.77/0.83 MB)
2024-12-12 14:37:54,526 - INFO: 다운로드 중: 93.2% (0.77/0.83 MB)
2024-12-12 14:37:54,527 - INFO: 다운로드 중: 94.2% (0.78/0.83 MB)
2024-12-12 14:37:54,528 - INFO: 다운로드 중: 95.1% (0.79/0.83 MB)
2024-12-12 14:37:54,530 - INFO: 다운로드 중: 96.0% (0.80/0.83 MB)
2024-12-12 14:37:54,531 - INFO: 다운로드 중: 97.0% (0.80/0.83 MB)
2024-12-12 14:37:54,532 - INFO: 다운로드 중: 97.9% (0.81/0.83 MB)
2024-12-12 14:37:54,533 - INFO: 다운로드 중: 98.9% (0.82/0.83 MB)
2024-12-12 14:37:54,534 - INFO: 다운로드 중: 99.8% (0.83/0.83 MB)
2024-12-12 14:37:54,535 - INFO: 다운로드 중: 99.9% (0.83/0.83 MB)
2024-12-12 14:37:54,535 - INFO: 다운로드 완료: C:/Users/user/Downloads/downloaded_file_20241212_143751.pdf
2024-12-12 14:41:29,139 - INFO: 서버 연결 및 파일 정보 확인 중...
2024-12-12 14:41:29,165 - INFO: 다운로드 시작: https://www.kcmi.re.kr/common/downloaddataw?fid=872&fgu=002003007&fty=004006
2024-12-12 14:41:29,165 - INFO: 파일명: downloaded_file_20241212_144129.pdf
2024-12-12 14:41:31,469 - INFO: 다운로드 중: 0.9% (0.01/0.83 MB)
2024-12-12 14:41:31,474 - INFO: 다운로드 중: 1.9% (0.02/0.83 MB)
2024-12-12 14:41:31,475 - INFO: 다운로드 중: 2.8% (0.02/0.83 MB)
2024-12-12 14:41:31,476 - INFO: 다운로드 중: 3.8% (0.03/0.83 MB)
2024-12-12 14:41:31,477 - INFO: 다운로드 중: 4.7% (0.04/0.83 MB)
2024-12-12 14:41:31,478 - INFO: 다운로드 중: 5.6% (0.05/0.83 MB)
2024-12-12 14:41:31,478 - INFO: 다운로드 중: 6.6% (0.05/0.83 MB)
2024-12-12 14:41:31,479 - INFO: 다운로드 중: 7.5% (0.06/0.83 MB)
2024-12-12 14:41:31,479 - INFO: 다운로드 중: 8.5% (0.07/0.83 MB)
2024-12-12 14:41:31,480 - INFO: 다운로드 중: 9.4% (0.08/0.83 MB)
2024-12-12 14:41:31,481 - INFO: 다운로드 중: 10.4% (0.09/0.83 MB)
2024-12-12 14:41:31,483 - INFO: 다운로드 중: 11.3% (0.09/0.83 MB)
2024-12-12 14:41:31,485 - INFO: 다운로드 중: 12.2% (0.10/0.83 MB)
2024-12-12 14:41:31,486 - INFO: 다운로드 중: 13.2% (0.11/0.83 MB)
2024-12-12 14:41:31,486 - INFO: 다운로드 중: 14.1% (0.12/0.83 MB)
2024-12-12 14:41:31,488 - INFO: 다운로드 중: 15.1% (0.12/0.83 MB)
2024-12-12 14:41:31,490 - INFO: 다운로드 중: 16.0% (0.13/0.83 MB)
2024-12-12 14:41:31,491 - INFO: 다운로드 중: 16.9% (0.14/0.83 MB)
2024-12-12 14:41:31,493 - INFO: 다운로드 중: 17.9% (0.15/0.83 MB)
2024-12-12 14:41:31,494 - INFO: 다운로드 중: 18.8% (0.16/0.83 MB)
2024-12-12 14:41:31,495 - INFO: 다운로드 중: 19.8% (0.16/0.83 MB)
2024-12-12 14:41:31,495 - INFO: 다운로드 중: 20.7% (0.17/0.83 MB)
2024-12-12 14:41:31,496 - INFO: 다운로드 중: 21.7% (0.18/0.83 MB)
2024-12-12 14:41:31,497 - INFO: 다운로드 중: 22.6% (0.19/0.83 MB)
2024-12-12 14:41:31,498 - INFO: 다운로드 중: 23.5% (0.20/0.83 MB)
2024-12-12 14:41:31,499 - INFO: 다운로드 중: 24.5% (0.20/0.83 MB)
2024-12-12 14:41:31,500 - INFO: 다운로드 중: 25.4% (0.21/0.83 MB)
2024-12-12 14:41:31,504 - INFO: 다운로드 중: 26.4% (0.22/0.83 MB)
2024-12-12 14:41:31,505 - INFO: 다운로드 중: 27.3% (0.23/0.83 MB)
2024-12-12 14:41:31,506 - INFO: 다운로드 중: 28.2% (0.23/0.83 MB)
2024-12-12 14:41:31,507 - INFO: 다운로드 중: 29.2% (0.24/0.83 MB)
2024-12-12 14:41:31,508 - INFO: 다운로드 중: 30.1% (0.25/0.83 MB)
2024-12-12 14:41:31,508 - INFO: 다운로드 중: 31.1% (0.26/0.83 MB)
2024-12-12 14:41:31,509 - INFO: 다운로드 중: 32.0% (0.27/0.83 MB)
2024-12-12 14:41:31,510 - INFO: 다운로드 중: 33.0% (0.27/0.83 MB)
2024-12-12 14:41:31,511 - INFO: 다운로드 중: 33.9% (0.28/0.83 MB)
2024-12-12 14:41:31,511 - INFO: 다운로드 중: 34.8% (0.29/0.83 MB)
2024-12-12 14:41:31,513 - INFO: 다운로드 중: 35.8% (0.30/0.83 MB)
2024-12-12 14:41:31,513 - INFO: 다운로드 중: 36.7% (0.30/0.83 MB)
2024-12-12 14:41:31,514 - INFO: 다운로드 중: 37.7% (0.31/0.83 MB)
2024-12-12 14:41:31,515 - INFO: 다운로드 중: 38.6% (0.32/0.83 MB)
2024-12-12 14:41:31,515 - INFO: 다운로드 중: 39.5% (0.33/0.83 MB)
2024-12-12 14:41:31,516 - INFO: 다운로드 중: 40.5% (0.34/0.83 MB)
2024-12-12 14:41:31,518 - INFO: 다운로드 중: 41.4% (0.34/0.83 MB)
2024-12-12 14:41:31,518 - INFO: 다운로드 중: 42.4% (0.35/0.83 MB)
2024-12-12 14:41:31,519 - INFO: 다운로드 중: 43.3% (0.36/0.83 MB)
2024-12-12 14:41:31,520 - INFO: 다운로드 중: 44.3% (0.37/0.83 MB)
2024-12-12 14:41:31,521 - INFO: 다운로드 중: 45.2% (0.38/0.83 MB)
2024-12-12 14:41:31,524 - INFO: 다운로드 중: 46.1% (0.38/0.83 MB)
2024-12-12 14:41:31,525 - INFO: 다운로드 중: 47.1% (0.39/0.83 MB)
2024-12-12 14:41:31,526 - INFO: 다운로드 중: 48.0% (0.40/0.83 MB)
2024-12-12 14:41:31,527 - INFO: 다운로드 중: 49.0% (0.41/0.83 MB)
2024-12-12 14:41:31,527 - INFO: 다운로드 중: 49.9% (0.41/0.83 MB)
2024-12-12 14:41:31,528 - INFO: 다운로드 중: 50.8% (0.42/0.83 MB)
2024-12-12 14:41:31,529 - INFO: 다운로드 중: 51.8% (0.43/0.83 MB)
2024-12-12 14:41:31,530 - INFO: 다운로드 중: 52.7% (0.44/0.83 MB)
2024-12-12 14:41:31,530 - INFO: 다운로드 중: 53.7% (0.45/0.83 MB)
2024-12-12 14:41:31,531 - INFO: 다운로드 중: 54.6% (0.45/0.83 MB)
2024-12-12 14:41:31,534 - INFO: 다운로드 중: 55.6% (0.46/0.83 MB)
2024-12-12 14:41:31,536 - INFO: 다운로드 중: 56.5% (0.47/0.83 MB)
2024-12-12 14:41:31,540 - INFO: 다운로드 중: 57.4% (0.48/0.83 MB)
2024-12-12 14:41:31,541 - INFO: 다운로드 중: 58.4% (0.48/0.83 MB)
2024-12-12 14:41:31,542 - INFO: 다운로드 중: 59.3% (0.49/0.83 MB)
2024-12-12 14:41:31,543 - INFO: 다운로드 중: 60.3% (0.50/0.83 MB)
2024-12-12 14:41:31,544 - INFO: 다운로드 중: 61.2% (0.51/0.83 MB)
2024-12-12 14:41:31,558 - INFO: 다운로드 중: 62.1% (0.52/0.83 MB)
2024-12-12 14:41:31,559 - INFO: 다운로드 중: 63.1% (0.52/0.83 MB)
2024-12-12 14:41:31,561 - INFO: 다운로드 중: 64.0% (0.53/0.83 MB)
2024-12-12 14:41:31,563 - INFO: 다운로드 중: 65.0% (0.54/0.83 MB)
2024-12-12 14:41:31,564 - INFO: 다운로드 중: 65.9% (0.55/0.83 MB)
2024-12-12 14:41:31,564 - INFO: 다운로드 중: 66.9% (0.55/0.83 MB)
2024-12-12 14:41:31,565 - INFO: 다운로드 중: 67.8% (0.56/0.83 MB)
2024-12-12 14:41:31,566 - INFO: 다운로드 중: 68.7% (0.57/0.83 MB)
2024-12-12 14:41:31,568 - INFO: 다운로드 중: 69.7% (0.58/0.83 MB)
2024-12-12 14:41:31,569 - INFO: 다운로드 중: 70.6% (0.59/0.83 MB)
2024-12-12 14:41:31,573 - INFO: 다운로드 중: 71.6% (0.59/0.83 MB)
2024-12-12 14:41:31,574 - INFO: 다운로드 중: 72.5% (0.60/0.83 MB)
2024-12-12 14:41:31,580 - INFO: 다운로드 중: 73.4% (0.61/0.83 MB)
2024-12-12 14:41:31,581 - INFO: 다운로드 중: 74.4% (0.62/0.83 MB)
2024-12-12 14:41:31,583 - INFO: 다운로드 중: 75.3% (0.62/0.83 MB)
2024-12-12 14:41:31,583 - INFO: 다운로드 중: 76.3% (0.63/0.83 MB)
2024-12-12 14:41:31,587 - INFO: 다운로드 중: 77.2% (0.64/0.83 MB)
2024-12-12 14:41:31,588 - INFO: 다운로드 중: 78.2% (0.65/0.83 MB)
2024-12-12 14:41:31,591 - INFO: 다운로드 중: 79.1% (0.66/0.83 MB)
2024-12-12 14:41:31,592 - INFO: 다운로드 중: 80.0% (0.66/0.83 MB)
2024-12-12 14:41:31,597 - INFO: 다운로드 중: 81.0% (0.67/0.83 MB)
2024-12-12 14:41:31,598 - INFO: 다운로드 중: 81.9% (0.68/0.83 MB)
2024-12-12 14:41:31,623 - INFO: 다운로드 중: 82.9% (0.69/0.83 MB)
2024-12-12 14:41:31,624 - INFO: 다운로드 중: 83.8% (0.70/0.83 MB)
2024-12-12 14:41:31,625 - INFO: 다운로드 중: 84.7% (0.70/0.83 MB)
2024-12-12 14:41:31,626 - INFO: 다운로드 중: 85.7% (0.71/0.83 MB)
2024-12-12 14:41:31,627 - INFO: 다운로드 중: 86.6% (0.72/0.83 MB)
2024-12-12 14:41:31,628 - INFO: 다운로드 중: 87.6% (0.73/0.83 MB)
2024-12-12 14:41:31,629 - INFO: 다운로드 중: 88.5% (0.73/0.83 MB)
2024-12-12 14:41:31,630 - INFO: 다운로드 중: 89.5% (0.74/0.83 MB)
2024-12-12 14:41:31,630 - INFO: 다운로드 중: 90.4% (0.75/0.83 MB)
2024-12-12 14:41:31,631 - INFO: 다운로드 중: 91.3% (0.76/0.83 MB)
2024-12-12 14:41:31,631 - INFO: 다운로드 중: 92.3% (0.77/0.83 MB)
2024-12-12 14:41:31,633 - INFO: 다운로드 중: 93.2% (0.77/0.83 MB)
2024-12-12 14:41:31,635 - INFO: 다운로드 중: 94.2% (0.78/0.83 MB)
2024-12-12 14:41:31,637 - INFO: 다운로드 중: 95.1% (0.79/0.83 MB)
2024-12-12 14:41:31,641 - INFO: 다운로드 중: 96.0% (0.80/0.83 MB)
2024-12-12 14:41:31,642 - INFO: 다운로드 중: 97.0% (0.80/0.83 MB)
2024-12-12 14:41:31,644 - INFO: 다운로드 중: 97.9% (0.81/0.83 MB)
2024-12-12 14:41:31,645 - INFO: 다운로드 중: 98.9% (0.82/0.83 MB)
2024-12-12 14:41:31,646 - INFO: 다운로드 중: 99.8% (0.83/0.83 MB)
2024-12-12 14:41:31,647 - INFO: 다운로드 중: 99.9% (0.83/0.83 MB)
2024-12-12 14:41:31,647 - INFO: 다운로드 완료: C:/Users/user/Downloads/downloaded_file_20241212_144129.pdf
2024-12-12 14:45:00,060 - INFO: 서버 연결 및 파일 정보 확인 중...
2024-12-12 14:45:00,084 - INFO: 다운로드 시작: https://www.kcmi.re.kr/common/downloaddataw?fid=872&fgu=002003007&fty=004006
2024-12-12 14:45:00,085 - INFO: 파일명: downloaded_file_20241212_144500.pdf
2024-12-12 14:45:02,628 - INFO: 다운로드 중: 0.9% (0.01/0.83 MB)
2024-12-12 14:45:02,634 - INFO: 다운로드 중: 1.9% (0.02/0.83 MB)
2024-12-12 14:45:02,635 - INFO: 다운로드 중: 2.8% (0.02/0.83 MB)
2024-12-12 14:45:02,637 - INFO: 다운로드 중: 3.8% (0.03/0.83 MB)
2024-12-12 14:45:02,637 - INFO: 다운로드 중: 4.7% (0.04/0.83 MB)
2024-12-12 14:45:02,638 - INFO: 다운로드 중: 5.6% (0.05/0.83 MB)
2024-12-12 14:45:02,640 - INFO: 다운로드 중: 6.6% (0.05/0.83 MB)
2024-12-12 14:45:02,650 - INFO: 다운로드 중: 7.5% (0.06/0.83 MB)
2024-12-12 14:45:02,651 - INFO: 다운로드 중: 8.5% (0.07/0.83 MB)
2024-12-12 14:45:02,651 - INFO: 다운로드 중: 9.4% (0.08/0.83 MB)
2024-12-12 14:45:02,652 - INFO: 다운로드 중: 10.4% (0.09/0.83 MB)
2024-12-12 14:45:02,653 - INFO: 다운로드 중: 11.3% (0.09/0.83 MB)
2024-12-12 14:45:02,655 - INFO: 다운로드 중: 12.2% (0.10/0.83 MB)
2024-12-12 14:45:02,657 - INFO: 다운로드 중: 13.2% (0.11/0.83 MB)
2024-12-12 14:45:02,658 - INFO: 다운로드 중: 14.1% (0.12/0.83 MB)
2024-12-12 14:45:02,659 - INFO: 다운로드 중: 15.1% (0.12/0.83 MB)
2024-12-12 14:45:02,663 - INFO: 다운로드 중: 16.0% (0.13/0.83 MB)
2024-12-12 14:45:02,664 - INFO: 다운로드 중: 16.9% (0.14/0.83 MB)
2024-12-12 14:45:02,664 - INFO: 다운로드 중: 17.9% (0.15/0.83 MB)
2024-12-12 14:45:02,665 - INFO: 다운로드 중: 18.8% (0.16/0.83 MB)
2024-12-12 14:45:02,666 - INFO: 다운로드 중: 19.8% (0.16/0.83 MB)
2024-12-12 14:45:02,667 - INFO: 다운로드 중: 20.7% (0.17/0.83 MB)
2024-12-12 14:45:02,667 - INFO: 다운로드 중: 21.7% (0.18/0.83 MB)
2024-12-12 14:45:02,668 - INFO: 다운로드 중: 22.6% (0.19/0.83 MB)
2024-12-12 14:45:02,669 - INFO: 다운로드 중: 23.5% (0.20/0.83 MB)
2024-12-12 14:45:02,670 - INFO: 다운로드 중: 24.5% (0.20/0.83 MB)
2024-12-12 14:45:02,672 - INFO: 다운로드 중: 25.4% (0.21/0.83 MB)
2024-12-12 14:45:02,675 - INFO: 다운로드 중: 26.4% (0.22/0.83 MB)
2024-12-12 14:45:02,675 - INFO: 다운로드 중: 27.3% (0.23/0.83 MB)
2024-12-12 14:45:02,677 - INFO: 다운로드 중: 28.2% (0.23/0.83 MB)
2024-12-12 14:45:02,678 - INFO: 다운로드 중: 29.2% (0.24/0.83 MB)
2024-12-12 14:45:02,679 - INFO: 다운로드 중: 30.1% (0.25/0.83 MB)
2024-12-12 14:45:02,679 - INFO: 다운로드 중: 31.1% (0.26/0.83 MB)
2024-12-12 14:45:02,681 - INFO: 다운로드 중: 32.0% (0.27/0.83 MB)
2024-12-12 14:45:02,681 - INFO: 다운로드 중: 33.0% (0.27/0.83 MB)
2024-12-12 14:45:02,682 - INFO: 다운로드 중: 33.9% (0.28/0.83 MB)
2024-12-12 14:45:02,683 - INFO: 다운로드 중: 34.8% (0.29/0.83 MB)
2024-12-12 14:45:02,684 - INFO: 다운로드 중: 35.8% (0.30/0.83 MB)
2024-12-12 14:45:02,685 - INFO: 다운로드 중: 36.7% (0.30/0.83 MB)
2024-12-12 14:45:02,685 - INFO: 다운로드 중: 37.7% (0.31/0.83 MB)
2024-12-12 14:45:02,686 - INFO: 다운로드 중: 38.6% (0.32/0.83 MB)
2024-12-12 14:45:02,687 - INFO: 다운로드 중: 39.5% (0.33/0.83 MB)
2024-12-12 14:45:02,689 - INFO: 다운로드 중: 40.5% (0.34/0.83 MB)
2024-12-12 14:45:02,690 - INFO: 다운로드 중: 41.4% (0.34/0.83 MB)
2024-12-12 14:45:02,692 - INFO: 다운로드 중: 42.4% (0.35/0.83 MB)
2024-12-12 14:45:02,693 - INFO: 다운로드 중: 43.3% (0.36/0.83 MB)
2024-12-12 14:45:02,696 - INFO: 다운로드 중: 44.3% (0.37/0.83 MB)
2024-12-12 14:45:02,698 - INFO: 다운로드 중: 45.2% (0.38/0.83 MB)
2024-12-12 14:45:02,698 - INFO: 다운로드 중: 46.1% (0.38/0.83 MB)
2024-12-12 14:45:02,699 - INFO: 다운로드 중: 47.1% (0.39/0.83 MB)
2024-12-12 14:45:02,700 - INFO: 다운로드 중: 48.0% (0.40/0.83 MB)
2024-12-12 14:45:02,700 - INFO: 다운로드 중: 49.0% (0.41/0.83 MB)
2024-12-12 14:45:02,701 - INFO: 다운로드 중: 49.9% (0.41/0.83 MB)
2024-12-12 14:45:02,702 - INFO: 다운로드 중: 50.8% (0.42/0.83 MB)
2024-12-12 14:45:02,704 - INFO: 다운로드 중: 51.8% (0.43/0.83 MB)
2024-12-12 14:45:02,704 - INFO: 다운로드 중: 52.7% (0.44/0.83 MB)
2024-12-12 14:45:02,706 - INFO: 다운로드 중: 53.7% (0.45/0.83 MB)
2024-12-12 14:45:02,706 - INFO: 다운로드 중: 54.6% (0.45/0.83 MB)
2024-12-12 14:45:02,707 - INFO: 다운로드 중: 55.6% (0.46/0.83 MB)
2024-12-12 14:45:02,708 - INFO: 다운로드 중: 56.5% (0.47/0.83 MB)
2024-12-12 14:45:02,710 - INFO: 다운로드 중: 57.4% (0.48/0.83 MB)
2024-12-12 14:45:02,712 - INFO: 다운로드 중: 58.4% (0.48/0.83 MB)
2024-12-12 14:45:02,713 - INFO: 다운로드 중: 59.3% (0.49/0.83 MB)
2024-12-12 14:45:02,714 - INFO: 다운로드 중: 60.3% (0.50/0.83 MB)
2024-12-12 14:45:02,715 - INFO: 다운로드 중: 61.2% (0.51/0.83 MB)
2024-12-12 14:45:02,716 - INFO: 다운로드 중: 62.1% (0.52/0.83 MB)
2024-12-12 14:45:02,717 - INFO: 다운로드 중: 63.1% (0.52/0.83 MB)
2024-12-12 14:45:02,718 - INFO: 다운로드 중: 64.0% (0.53/0.83 MB)
2024-12-12 14:45:02,719 - INFO: 다운로드 중: 65.0% (0.54/0.83 MB)
2024-12-12 14:45:02,720 - INFO: 다운로드 중: 65.9% (0.55/0.83 MB)
2024-12-12 14:45:02,720 - INFO: 다운로드 중: 66.9% (0.55/0.83 MB)
2024-12-12 14:45:02,721 - INFO: 다운로드 중: 67.8% (0.56/0.83 MB)
2024-12-12 14:45:02,722 - INFO: 다운로드 중: 68.7% (0.57/0.83 MB)
2024-12-12 14:45:02,723 - INFO: 다운로드 중: 69.7% (0.58/0.83 MB)
2024-12-12 14:45:02,724 - INFO: 다운로드 중: 70.6% (0.59/0.83 MB)
2024-12-12 14:45:02,725 - INFO: 다운로드 중: 71.6% (0.59/0.83 MB)
2024-12-12 14:45:02,726 - INFO: 다운로드 중: 72.5% (0.60/0.83 MB)
2024-12-12 14:45:02,726 - INFO: 다운로드 중: 73.4% (0.61/0.83 MB)
2024-12-12 14:45:02,728 - INFO: 다운로드 중: 74.4% (0.62/0.83 MB)
2024-12-12 14:45:02,729 - INFO: 다운로드 중: 75.3% (0.62/0.83 MB)
2024-12-12 14:45:02,730 - INFO: 다운로드 중: 76.3% (0.63/0.83 MB)
2024-12-12 14:45:02,732 - INFO: 다운로드 중: 77.2% (0.64/0.83 MB)
2024-12-12 14:45:02,734 - INFO: 다운로드 중: 78.2% (0.65/0.83 MB)
2024-12-12 14:45:02,736 - INFO: 다운로드 중: 79.1% (0.66/0.83 MB)
2024-12-12 14:45:02,737 - INFO: 다운로드 중: 80.0% (0.66/0.83 MB)
2024-12-12 14:45:02,738 - INFO: 다운로드 중: 81.0% (0.67/0.83 MB)
2024-12-12 14:45:02,740 - INFO: 다운로드 중: 81.9% (0.68/0.83 MB)
2024-12-12 14:45:02,741 - INFO: 다운로드 중: 82.9% (0.69/0.83 MB)
2024-12-12 14:45:02,742 - INFO: 다운로드 중: 83.8% (0.70/0.83 MB)
2024-12-12 14:45:02,742 - INFO: 다운로드 중: 84.7% (0.70/0.83 MB)
2024-12-12 14:45:02,743 - INFO: 다운로드 중: 85.7% (0.71/0.83 MB)
2024-12-12 14:45:02,744 - INFO: 다운로드 중: 86.6% (0.72/0.83 MB)
2024-12-12 14:45:02,745 - INFO: 다운로드 중: 87.6% (0.73/0.83 MB)
2024-12-12 14:45:02,746 - INFO: 다운로드 중: 88.5% (0.73/0.83 MB)
2024-12-12 14:45:02,746 - INFO: 다운로드 중: 89.5% (0.74/0.83 MB)
2024-12-12 14:45:02,748 - INFO: 다운로드 중: 90.4% (0.75/0.83 MB)
2024-12-12 14:45:02,749 - INFO: 다운로드 중: 91.3% (0.76/0.83 MB)
2024-12-12 14:45:02,749 - INFO: 다운로드 중: 92.3% (0.77/0.83 MB)
2024-12-12 14:45:02,750 - INFO: 다운로드 중: 93.2% (0.77/0.83 MB)
2024-12-12 14:45:02,752 - INFO: 다운로드 중: 94.2% (0.78/0.83 MB)
2024-12-12 14:45:02,753 - INFO: 다운로드 중: 95.1% (0.79/0.83 MB)
2024-12-12 14:45:02,753 - INFO: 다운로드 중: 96.0% (0.80/0.83 MB)
2024-12-12 14:45:02,754 - INFO: 다운로드 중: 97.0% (0.80/0.83 MB)
2024-12-12 14:45:02,755 - INFO: 다운로드 중: 97.9% (0.81/0.83 MB)
2024-12-12 14:45:02,756 - INFO: 다운로드 중: 98.9% (0.82/0.83 MB)
2024-12-12 14:45:02,757 - INFO: 다운로드 중: 99.8% (0.83/0.83 MB)
2024-12-12 14:45:02,758 - INFO: 다운로드 중: 99.9% (0.83/0.83 MB)
2024-12-12 14:45:02,760 - INFO: 다운로드 완료: C:/Users/user/Downloads/downloaded_file_20241212_144500.pdf
2024-12-12 14:46:40,136 - INFO: 서버 연결 및 파일 정보 확인 중...
2024-12-12 14:46:40,163 - INFO: 다운로드 시작: https://www.kcmi.re.kr/common/downloaddataw?fid=872&fgu=002003007&fty=004006
2024-12-12 14:46:40,163 - INFO: 파일명: downloaded_file_20241212_144640.pdf
2024-12-12 14:46:43,261 - INFO: 다운로드 중: 0.9% (0.01/0.83 MB)
2024-12-12 14:46:43,266 - INFO: 다운로드 중: 1.9% (0.02/0.83 MB)
2024-12-12 14:46:43,268 - INFO: 다운로드 중: 2.8% (0.02/0.83 MB)
2024-12-12 14:46:43,271 - INFO: 다운로드 중: 3.8% (0.03/0.83 MB)
2024-12-12 14:46:43,272 - INFO: 다운로드 중: 4.7% (0.04/0.83 MB)
2024-12-12 14:46:43,273 - INFO: 다운로드 중: 5.6% (0.05/0.83 MB)
2024-12-12 14:46:43,273 - INFO: 다운로드 중: 6.6% (0.05/0.83 MB)
2024-12-12 14:46:43,275 - INFO: 다운로드 중: 7.5% (0.06/0.83 MB)
2024-12-12 14:46:43,275 - INFO: 다운로드 중: 8.5% (0.07/0.83 MB)
2024-12-12 14:46:43,277 - INFO: 다운로드 중: 9.4% (0.08/0.83 MB)
2024-12-12 14:46:43,278 - INFO: 다운로드 중: 10.4% (0.09/0.83 MB)
2024-12-12 14:46:43,281 - INFO: 다운로드 중: 11.3% (0.09/0.83 MB)
2024-12-12 14:46:43,282 - INFO: 다운로드 중: 12.2% (0.10/0.83 MB)
2024-12-12 14:46:43,283 - INFO: 다운로드 중: 13.2% (0.11/0.83 MB)
2024-12-12 14:46:43,284 - INFO: 다운로드 중: 14.1% (0.12/0.83 MB)
2024-12-12 14:46:43,286 - INFO: 다운로드 중: 15.1% (0.12/0.83 MB)
2024-12-12 14:46:43,287 - INFO: 다운로드 중: 16.0% (0.13/0.83 MB)
2024-12-12 14:46:43,288 - INFO: 다운로드 중: 16.9% (0.14/0.83 MB)
2024-12-12 14:46:43,290 - INFO: 다운로드 중: 17.9% (0.15/0.83 MB)
2024-12-12 14:46:43,291 - INFO: 다운로드 중: 18.8% (0.16/0.83 MB)
2024-12-12 14:46:43,292 - INFO: 다운로드 중: 19.8% (0.16/0.83 MB)
2024-12-12 14:46:43,292 - INFO: 다운로드 중: 20.7% (0.17/0.83 MB)
2024-12-12 14:46:43,293 - INFO: 다운로드 중: 21.7% (0.18/0.83 MB)
2024-12-12 14:46:43,294 - INFO: 다운로드 중: 22.6% (0.19/0.83 MB)
2024-12-12 14:46:43,295 - INFO: 다운로드 중: 23.5% (0.20/0.83 MB)
2024-12-12 14:46:43,295 - INFO: 다운로드 중: 24.5% (0.20/0.83 MB)
2024-12-12 14:46:43,297 - INFO: 다운로드 중: 25.4% (0.21/0.83 MB)
2024-12-12 14:46:43,298 - INFO: 다운로드 중: 26.4% (0.22/0.83 MB)
2024-12-12 14:46:43,298 - INFO: 다운로드 중: 27.3% (0.23/0.83 MB)
2024-12-12 14:46:43,300 - INFO: 다운로드 중: 28.2% (0.23/0.83 MB)
2024-12-12 14:46:43,301 - INFO: 다운로드 중: 29.2% (0.24/0.83 MB)
2024-12-12 14:46:43,302 - INFO: 다운로드 중: 30.1% (0.25/0.83 MB)
2024-12-12 14:46:43,305 - INFO: 다운로드 중: 31.1% (0.26/0.83 MB)
2024-12-12 14:46:43,306 - INFO: 다운로드 중: 32.0% (0.27/0.83 MB)
2024-12-12 14:46:43,307 - INFO: 다운로드 중: 33.0% (0.27/0.83 MB)
2024-12-12 14:46:43,308 - INFO: 다운로드 중: 33.9% (0.28/0.83 MB)
2024-12-12 14:46:43,308 - INFO: 다운로드 중: 34.8% (0.29/0.83 MB)
2024-12-12 14:46:43,310 - INFO: 다운로드 중: 35.8% (0.30/0.83 MB)
2024-12-12 14:46:43,311 - INFO: 다운로드 중: 36.7% (0.30/0.83 MB)
2024-12-12 14:46:43,311 - INFO: 다운로드 중: 37.7% (0.31/0.83 MB)
2024-12-12 14:46:43,312 - INFO: 다운로드 중: 38.6% (0.32/0.83 MB)
2024-12-12 14:46:43,313 - INFO: 다운로드 중: 39.5% (0.33/0.83 MB)
2024-12-12 14:46:43,314 - INFO: 다운로드 중: 40.5% (0.34/0.83 MB)
2024-12-12 14:46:43,314 - INFO: 다운로드 중: 41.4% (0.34/0.83 MB)
2024-12-12 14:46:43,316 - INFO: 다운로드 중: 42.4% (0.35/0.83 MB)
2024-12-12 14:46:43,317 - INFO: 다운로드 중: 43.3% (0.36/0.83 MB)
2024-12-12 14:46:43,319 - INFO: 다운로드 중: 44.3% (0.37/0.83 MB)
2024-12-12 14:46:43,320 - INFO: 다운로드 중: 45.2% (0.38/0.83 MB)
2024-12-12 14:46:43,321 - INFO: 다운로드 중: 46.1% (0.38/0.83 MB)
2024-12-12 14:46:43,321 - INFO: 다운로드 중: 47.1% (0.39/0.83 MB)
2024-12-12 14:46:43,321 - INFO: 다운로드 중: 48.0% (0.40/0.83 MB)
2024-12-12 14:46:43,323 - INFO: 다운로드 중: 49.0% (0.41/0.83 MB)
2024-12-12 14:46:43,325 - INFO: 다운로드 중: 49.9% (0.41/0.83 MB)
2024-12-12 14:46:43,326 - INFO: 다운로드 중: 50.8% (0.42/0.83 MB)
2024-12-12 14:46:43,326 - INFO: 다운로드 중: 51.8% (0.43/0.83 MB)
2024-12-12 14:46:43,328 - INFO: 다운로드 중: 52.7% (0.44/0.83 MB)
2024-12-12 14:46:43,328 - INFO: 다운로드 중: 53.7% (0.45/0.83 MB)
2024-12-12 14:46:43,329 - INFO: 다운로드 중: 54.6% (0.45/0.83 MB)
2024-12-12 14:46:43,330 - INFO: 다운로드 중: 55.6% (0.46/0.83 MB)
2024-12-12 14:46:43,331 - INFO: 다운로드 중: 56.5% (0.47/0.83 MB)
2024-12-12 14:46:43,331 - INFO: 다운로드 중: 57.4% (0.48/0.83 MB)
2024-12-12 14:46:43,333 - INFO: 다운로드 중: 58.4% (0.48/0.83 MB)
2024-12-12 14:46:43,335 - INFO: 다운로드 중: 59.3% (0.49/0.83 MB)
2024-12-12 14:46:43,336 - INFO: 다운로드 중: 60.3% (0.50/0.83 MB)
2024-12-12 14:46:43,339 - INFO: 다운로드 중: 61.2% (0.51/0.83 MB)
2024-12-12 14:46:43,340 - INFO: 다운로드 중: 62.1% (0.52/0.83 MB)
2024-12-12 14:46:43,341 - INFO: 다운로드 중: 63.1% (0.52/0.83 MB)
2024-12-12 14:46:43,342 - INFO: 다운로드 중: 64.0% (0.53/0.83 MB)
2024-12-12 14:46:43,342 - INFO: 다운로드 중: 65.0% (0.54/0.83 MB)
2024-12-12 14:46:43,343 - INFO: 다운로드 중: 65.9% (0.55/0.83 MB)
2024-12-12 14:46:43,344 - INFO: 다운로드 중: 66.9% (0.55/0.83 MB)
2024-12-12 14:46:43,345 - INFO: 다운로드 중: 67.8% (0.56/0.83 MB)
2024-12-12 14:46:43,346 - INFO: 다운로드 중: 68.7% (0.57/0.83 MB)
2024-12-12 14:46:43,346 - INFO: 다운로드 중: 69.7% (0.58/0.83 MB)
2024-12-12 14:46:43,347 - INFO: 다운로드 중: 70.6% (0.59/0.83 MB)
2024-12-12 14:46:43,348 - INFO: 다운로드 중: 71.6% (0.59/0.83 MB)
2024-12-12 14:46:43,351 - INFO: 다운로드 중: 72.5% (0.60/0.83 MB)
2024-12-12 14:46:43,352 - INFO: 다운로드 중: 73.4% (0.61/0.83 MB)
2024-12-12 14:46:43,352 - INFO: 다운로드 중: 74.4% (0.62/0.83 MB)
2024-12-12 14:46:43,353 - INFO: 다운로드 중: 75.3% (0.62/0.83 MB)
2024-12-12 14:46:43,355 - INFO: 다운로드 중: 76.3% (0.63/0.83 MB)
2024-12-12 14:46:43,357 - INFO: 다운로드 중: 77.2% (0.64/0.83 MB)
2024-12-12 14:46:43,358 - INFO: 다운로드 중: 78.2% (0.65/0.83 MB)
2024-12-12 14:46:43,359 - INFO: 다운로드 중: 79.1% (0.66/0.83 MB)
2024-12-12 14:46:43,360 - INFO: 다운로드 중: 80.0% (0.66/0.83 MB)
2024-12-12 14:46:43,360 - INFO: 다운로드 중: 81.0% (0.67/0.83 MB)
2024-12-12 14:46:43,361 - INFO: 다운로드 중: 81.9% (0.68/0.83 MB)
2024-12-12 14:46:43,362 - INFO: 다운로드 중: 82.9% (0.69/0.83 MB)
2024-12-12 14:46:43,363 - INFO: 다운로드 중: 83.8% (0.70/0.83 MB)
2024-12-12 14:46:43,364 - INFO: 다운로드 중: 84.7% (0.70/0.83 MB)
2024-12-12 14:46:43,364 - INFO: 다운로드 중: 85.7% (0.71/0.83 MB)
2024-12-12 14:46:43,366 - INFO: 다운로드 중: 86.6% (0.72/0.83 MB)
2024-12-12 14:46:43,367 - INFO: 다운로드 중: 87.6% (0.73/0.83 MB)
2024-12-12 14:46:43,368 - INFO: 다운로드 중: 88.5% (0.73/0.83 MB)
2024-12-12 14:46:43,371 - INFO: 다운로드 중: 89.5% (0.74/0.83 MB)
2024-12-12 14:46:43,373 - INFO: 다운로드 중: 90.4% (0.75/0.83 MB)
2024-12-12 14:46:43,374 - INFO: 다운로드 중: 91.3% (0.76/0.83 MB)
2024-12-12 14:46:43,375 - INFO: 다운로드 중: 92.3% (0.77/0.83 MB)
2024-12-12 14:46:43,375 - INFO: 다운로드 중: 93.2% (0.77/0.83 MB)
2024-12-12 14:46:43,377 - INFO: 다운로드 중: 94.2% (0.78/0.83 MB)
2024-12-12 14:46:43,377 - INFO: 다운로드 중: 95.1% (0.79/0.83 MB)
2024-12-12 14:46:43,378 - INFO: 다운로드 중: 96.0% (0.80/0.83 MB)
2024-12-12 14:46:43,378 - INFO: 다운로드 중: 97.0% (0.80/0.83 MB)
2024-12-12 14:46:43,379 - INFO: 다운로드 중: 97.9% (0.81/0.83 MB)
2024-12-12 14:46:43,379 - INFO: 다운로드 중: 98.9% (0.82/0.83 MB)
2024-12-12 14:46:43,381 - INFO: 다운로드 중: 99.8% (0.83/0.83 MB)
2024-12-12 14:46:43,382 - INFO: 다운로드 중: 99.9% (0.83/0.83 MB)
2024-12-12 14:46:43,383 - INFO: 다운로드 완료: C:/Users/user/Downloads/downloaded_file_20241212_144640.pdf
2024-12-12 14:48:02,824 - INFO: 서버 연결 및 파일 정보 확인 중...
2024-12-12 14:48:04,086 - ERROR: 네트워크 오류: 405 Client Error: Method Not Allowed for url: https://dataverse.yale.edu/api/access/datafiles?gbrecs=true&format=original
2024-12-12 14:48:43,573 - INFO: 서버 연결 및 파일 정보 확인 중...
2024-12-12 14:48:44,342 - ERROR: 네트워크 오류: 405 Client Error: Method Not Allowed for url: https://dataverse.yale.edu/api/access/datafiles?gbrecs=true&format=original
2024-12-12 14:49:53,879 - INFO: Yale Dataverse API 엔드포인트 감지
2024-12-12 14:49:54,630 - ERROR: 네트워크 오류: 405 Client Error: Method Not Allowed for url: https://dataverse.yale.edu/api/access/datafiles
2024-12-12 14:54:27,658 - INFO: 서버 연결 및 파일 정보 확인 중...
2024-12-12 14:54:28,883 - INFO: 다운로드 시작: https://dataverse.yale.edu/api/access/dataset/:persistentId/?persistentId=doi:10.60600/YU/ZTFKYM&format=original

2024-12-12 14:54:28,884 - INFO: 파일명: downloaded_file_20241212_145428.zip
2024-12-12 14:54:31,519 - ERROR: 네트워크 오류: ('Connection broken: InvalidChunkLength(got length b\'\\x1eu&.P\\xeaa\\xe0\\xe1\\xbc\\xd3uM\\xcc\\xc9#l\\xc4T*\\xb4\\xb2sz\\xd5,a3K\\x01C\\x84\\xd9d\\xa8*\\xe7m\\xb8^\\x99\\xf4\\xb0\\x0bd{\\x05u\\x04\\xbba"?a\\xb7P\\x13\\x19{u\\xdc\\xab@\\x18\\xcf\\x9d\\x95^\\x0blC\\xd6\\xc6j\\x80\\xaf`\\x81\\x1av\\x16\\x8eQQ\\x1a\\xd0\\xd8A\\xa7\\xc5\\t\\xa2\\x01\\xd4\\x8d\\\'3\\x0b\\x10l\\xb1\\x9c4\\xc3&\\xb6-\\xd6\\xdc\\xeft\\xd0\\xbfrq^\\x98tz\\x08M\\\'\\xbd!]\\xb3\\xdb\\x19O\\xcc51D\\x89\\x1f\\xe8I\\xc1bo\\xdf\\x90\\x02\\\'\\xb8\\xa9-Ga_\\xd6v\\xddC\\x0b+\\x92\\xedb\\x12\\xdct@Hcj#\\xa1I\\xabO\\xa9\\xf8\\xcd\\xa8\\x89\\t\\xd0\\xcf\\xd19\\xcf\\xbb\\xd2d\\xc8\\x02\\x15\\x19\\xa7-"\\x7f\\xcd2\\xd9\\x18w\\xeaP\\x0f\\x06\\x88J\\x84E.s\\x8cl\\xac\\x99\\x87iYV\\\'\\x85\\x04\\xfc(\\x84\\xb5\\x7fK\\x99\\xb76\\xe9\\x17\\xe7:\\x1d\\x935v\\xa6\\x8d\\x92\\xafM\\x87\\x0eN\\x17\\xe1\\x89\\x10v=\\xe4wx\\xe3/P\\xa7\\xb3\\xd7X\\xc9u82\\xb1\\xa4\\xc6\\x05_\\x1b\\xa4*\\xce\\xc2\\n\', 1024 bytes read)', InvalidChunkLength(got length b'\x1eu&.P\xeaa\xe0\xe1\xbc\xd3uM\xcc\xc9#l\xc4T*\xb4\xb2sz\xd5,a3K\x01C\x84\xd9d\xa8*\xe7m\xb8^\x99\xf4\xb0\x0bd{\x05u\x04\xbba"?a\xb7P\x13\x19{u\xdc\xab@\x18\xcf\x9d\x95^\x0blC\xd6\xc6j\x80\xaf`\x81\x1av\x16\x8eQQ\x1a\xd0\xd8A\xa7\xc5\t\xa2\x01\xd4\x8d\'3\x0b\x10l\xb1\x9c4\xc3&\xb6-\xd6\xdc\xeft\xd0\xbfrq^\x98tz\x08M\'\xbd!]\xb3\xdb\x19O\xcc51D\x89\x1f\xe8I\xc1bo\xdf\x90\x02\'\xb8\xa9-Ga_\xd6v\xddC\x0b+\x92\xedb\x12\xdct@Hcj#\xa1I\xabO\xa9\xf8\xcd\xa8\x89\t\xd0\xcf\xd19\xcf\xbb\xd2d\xc8\x02\x15\x19\xa7-"\x7f\xcd2\xd9\x18w\xeaP\x0f\x06\x88J\x84E.s\x8cl\xac\x99\x87iYV\'\x85\x04\xfc(\x84\xb5\x7fK\x99\xb76\xe9\x17\xe7:\x1d\x935v\xa6\x8d\x92\xafM\x87\x0eN\x17\xe1\x89\x10v=\xe4wx\xe3/P\xa7\xb3\xd7X\xc9u82\xb1\xa4\xc6\x05_\x1b\xa4*\xce\xc2\n', 1024 bytes read))
2024-12-12 14:56:52,519 - INFO: Yale Dataverse API 데이터셋 감지
2024-12-12 15:01:06,443 - INFO: Yale Dataverse API 데이터셋 감지
